#
# A fatal error has been detected by the Java Runtime Environment:
#
#  SIGSEGV (0xb) at pc=0x000000011fd9bce9, pid=36660, tid=11267
#
# JRE version: Java(TM) SE Runtime Environment (8.0_25-b17) (build 1.8.0_25-b17)
# Java VM: Java HotSpot(TM) 64-Bit Server VM (25.25-b02 mixed mode bsd-amd64 compressed oops)
# Problematic frame:
# C  [libswt-cocoa-4332.jnilib+0x25ce9]  callback+0x297
#
# Failed to write core dump. Core dumps have been disabled. To enable core dumping, try "ulimit -c unlimited" before starting Java again
#
# If you would like to submit a bug report, please visit:
#   http://bugreport.sun.com/bugreport/crash.jsp
#

---------------  T H R E A D  ---------------

Current thread (0x00007f9cc3832000):  VMThread [stack: 0x0000700000526000,0x0000700000626000] [id=11267]

siginfo: si_signo: 11 (SIGSEGV), si_code: 1 (SEGV_MAPERR), si_addr: 0x0000000000000078

Registers:
RAX=0x0000000000000000, RBX=0x00007f9cc51e0860, RCX=0x0000700000625764, RDX=0x0000000000000001
RSP=0x0000700000625790, RBP=0x00007000006258c0, RSI=0x0000000000000000, RDI=0x0000000000000000
R8 =0x0000000000000000, R9 =0x0000000000000000, R10=0x00007f9cc39d2330, R11=0x00007f9cc2c69840
R12=0x00007fff9ba1c4c0, R13=0x00007fff9ba1c4c0, R14=0x0000000000000000, R15=0x0000000000000000
RIP=0x000000011fd9bce9, EFLAGS=0x0000000000010206, ERR=0x0000000000000004
  TRAPNO=0x000000000000000e

Top of Stack: (sp=0x0000700000625790)
0x0000700000625790:   000000011fd9badb 00007fff7a6902e0
0x00007000006257a0:   00007fff7a6902d8 00000000793b09c8
0x00007000006257b0:   00007fff92b75d23 00007fff92266d96
0x00007000006257c0:   0000000000000000 00007f9cc38321e8
0x00007000006257d0:   00007f9cc2e1f358 00007f9cc2d0ce18
0x00007000006257e0:   0000000200010000 0000000000000000
0x00007000006257f0:   0000700000625850 00007fff00000000
0x0000700000625800:   ffff80633d16ddb0 000000010253e000
0x0000700000625810:   00007f9cc50b7e20 00007f9cc2e49850
0x0000700000625820:   00007fff92b7770f 0000000000000000
0x0000700000625830:   0000000000000000 0000000000000000
0x0000700000625840:   0000000000000000 00000000000000e0
0x0000700000625850:   0000700000625920 00007fff9ba1c591
0x0000700000625860:   0000000000000000 0000000000000000
0x0000700000625870:   0000000000000000 0000000000000000
0x0000700000625880:   00007fff92b75d23 00007f9cc51e0860
0x0000700000625890:   00007f9cc51c47b0 00007fff7a8ed2a0
0x00007000006258a0:   0000000000000000 0000000000000000
0x00007000006258b0:   0000000000000000 0000000000000000
0x00007000006258c0:   00007000006258e0 000000011fd7a25e
0x00007000006258d0:   00007fff92b7770f 00007f9cc2e49850
0x00007000006258e0:   0000700000625920 00007fff92266e0c
0x00007000006258f0:   0000000000000000 0000000000000000
0x0000700000625900:   0000700000625990 00000000000000f8
0x0000700000625910:   0000000000000000 00000000000000e0
0x0000700000625920:   0000700000625960 00007fff923d005e
0x0000700000625930:   0000000000000000 00007f9cc51e0860
0x0000700000625940:   00000000000000f8 00007fff9ba1c4c0
0x0000700000625950:   0000000000000000 00007fff7a74db80
0x0000700000625960:   00007000006259e0 00007fff923cfe2d
0x0000700000625970:   0000000000000000 0000000000000000
0x0000700000625980:   0000000000000000 0000000000000000 

Instructions: (pc=0x000000011fd9bce9)
0x000000011fd9bcc9:   ff ff 01 00 00 00 48 8b 85 08 ff ff ff 48 85 c0
0x000000011fd9bcd9:   0f 84 9f 03 00 00 48 8b 85 08 ff ff ff 48 8b 00
0x000000011fd9bce9:   48 8b 40 78 48 8b bd 08 ff ff ff ff d0 48 89 85
0x000000011fd9bcf9:   30 ff ff ff 48 83 bd 30 ff ff ff 00 74 26 48 8b 

Register to memory mapping:

RAX=0x0000000000000000 is an unknown value
RBX=0x00007f9cc51e0860 is an unknown value
RCX=0x0000700000625764 is an unknown value
RDX=0x0000000000000001 is an unknown value
RSP=0x0000700000625790 is an unknown value
RBP=0x00007000006258c0 is an unknown value
RSI=0x0000000000000000 is an unknown value
RDI=0x0000000000000000 is an unknown value
R8 =0x0000000000000000 is an unknown value
R9 =0x0000000000000000 is an unknown value
R10=0x00007f9cc39d2330 is an unknown value
R11=0x00007f9cc2c69840 is an unknown value
R12=0x00007fff9ba1c4c0: objc_msgSend+0 in /usr/lib/libobjc.A.dylib at 0x00007fff9ba1b000
R13=0x00007fff9ba1c4c0: objc_msgSend+0 in /usr/lib/libobjc.A.dylib at 0x00007fff9ba1b000
R14=0x0000000000000000 is an unknown value
R15=0x0000000000000000 is an unknown value


Stack: [0x0000700000526000,0x0000700000626000],  sp=0x0000700000625790,  free space=1021k
Native frames: (J=compiled Java code, j=interpreted, Vv=VM code, C=native code)
C  [libswt-cocoa-4332.jnilib+0x25ce9]  callback+0x297
C  [libswt-cocoa-4332.jnilib+0x425e]  fn0_2+0x27
C  [AppKit+0x128e0c]  -[NSWindow orderWindow:relativeTo:]+0x76
C  [AppKit+0x29205e]  __18-[NSWindow _close]_block_invoke+0x1eb
C  [AppKit+0x291e2d]  -[NSWindow _close]+0x176
C  [FinderKit+0xa654b]  -[FI_TFloatingInputWindowController dealloc]+0x3b
C  [libobjc.A.dylib+0x8288]  objc_object::sidetable_release(bool)+0xf2
C  [AppKit+0x166cce]  -[NSWindowController release]+0x9a
C  [FinderKit+0xa6dea]  TRef<FI_TFloatingInputWindowController*, OBJCRetainReleasePolicy<FI_TFloatingInputWindowController*> >::~TRef()+0xc
C  [libsystem_c.dylib+0x5f46b]  __cxa_finalize_ranges+0x159
C  [libsystem_c.dylib+0x5f76f]  exit+0x37
V  [libjvm.dylib+0x2d2c4c]  vm_exit(int)+0x0
V  [libjvm.dylib+0x580c21]  VM_Operation::evaluate()+0x4f
V  [libjvm.dylib+0x57f293]  VMThread::evaluate_operation(VM_Operation*)+0xdf
V  [libjvm.dylib+0x57f6e0]  VMThread::loop()+0x328
V  [libjvm.dylib+0x57efff]  VMThread::run()+0x79
V  [libjvm.dylib+0x45d87e]  java_start(Thread*)+0xf6
C  [libsystem_pthread.dylib+0x3c13]  _pthread_body+0x83
C  [libsystem_pthread.dylib+0x3b90]  _pthread_body+0x0
C  [libsystem_pthread.dylib+0x1375]  thread_start+0xd

VM_Operation (0x000070000145e658): Exit, mode: safepoint, requested by thread 0x00007f9cc3231000


---------------  P R O C E S S  ---------------

Java Threads: ( => current thread )
  0x00007f9cc3231000 JavaThread "SIGTERM handler" daemon [_thread_blocked, id=73455, stack(0x000070000135f000,0x000070000145f000)]
  0x00007f9cc485c800 JavaThread "Service Thread" daemon [_thread_blocked, id=17667, stack(0x0000700000cbe000,0x0000700000dbe000)]
  0x00007f9cc4844000 JavaThread "C1 CompilerThread2" daemon [_thread_blocked, id=17155, stack(0x0000700000bbb000,0x0000700000cbb000)]
  0x00007f9cc4843000 JavaThread "C2 CompilerThread1" daemon [_thread_blocked, id=16643, stack(0x0000700000ab8000,0x0000700000bb8000)]
  0x00007f9cc3841800 JavaThread "C2 CompilerThread0" daemon [_thread_blocked, id=16131, stack(0x00007000009b5000,0x0000700000ab5000)]
  0x00007f9cc3838000 JavaThread "Finalizer" daemon [_thread_blocked, id=12291, stack(0x000070000072c000,0x000070000082c000)]
  0x00007f9cc4006000 JavaThread "Reference Handler" daemon [_thread_blocked, id=11779, stack(0x0000700000629000,0x0000700000729000)]
  0x00007f9cc3803000 JavaThread "main" [_thread_blocked, id=2571, stack(0x00007fff5cedc000,0x00007fff5d6dc000)]

Other Threads:
=>0x00007f9cc3832000 VMThread [stack: 0x0000700000526000,0x0000700000626000] [id=11267]

VM state:at safepoint (shutting down)

VM Mutex/Monitor currently owned by a thread:  ([mutex/lock_event])
[0x00007f9cc2c01b30] Threads_lock - owner thread: 0x00007f9cc3832000

Heap:
 PSYoungGen      total 76288K, used 14611K [0x000000076ab00000, 0x0000000770000000, 0x00000007c0000000)
  eden space 65536K, 22% used [0x000000076ab00000,0x000000076b944e48,0x000000076eb00000)
  from space 10752K, 0% used [0x000000076f580000,0x000000076f580000,0x0000000770000000)
  to   space 10752K, 0% used [0x000000076eb00000,0x000000076eb00000,0x000000076f580000)
 ParOldGen       total 175104K, used 0K [0x00000006c0000000, 0x00000006cab00000, 0x000000076ab00000)
  object space 175104K, 0% used [0x00000006c0000000,0x00000006c0000000,0x00000006cab00000)
 Metaspace       used 5484K, capacity 6599K, committed 6912K, reserved 1056768K
  class space    used 635K, capacity 680K, committed 768K, reserved 1048576K

Card table byte_map: [0x00000001132dc000,0x0000000113add000] byte_map_base: 0x000000010fcdc000

Marking Bits: (ParMarkBitMap*) 0x000000010389d390
 Begin Bits: [0x0000000114033000, 0x0000000118033000)
 End Bits:   [0x0000000118033000, 0x000000011c033000)

Polling page: 0x00000001027e6000

CodeCache: size=245760Kb used=1969Kb max_used=1969Kb free=243790Kb
 bounds [0x0000000103f1c000, 0x000000010418c000, 0x0000000112f1c000]
 total_blobs=708 nmethods=348 adapters=275
 compilation: enabled

Compilation events (10 events):
Event: 3.440 Thread 0x00007f9cc4844000  345       3       org.eclipse.swt.widgets.Display::runAsyncMessages (9 bytes)
Event: 3.440 Thread 0x00007f9cc4844000 nmethod 345 0x0000000104104b10 code [0x0000000104104c80, 0x0000000104104e28]
Event: 5.573 Thread 0x00007f9cc4844000  346       3       org.eclipse.swt.widgets.Display::applicationProc (99 bytes)
Event: 5.573 Thread 0x00007f9cc4844000 nmethod 346 0x0000000104104050 code [0x0000000104104220, 0x00000001041047d8]
Event: 5.573 Thread 0x00007f9cc4844000  347       3       org.eclipse.swt.widgets.Display::applicationNextEventMatchingMask (212 bytes)
Event: 5.575 Thread 0x00007f9cc4844000 nmethod 347 0x0000000104106290 code [0x0000000104106520, 0x00000001041076e8]
Event: 5.955 Thread 0x00007f9cc4844000  348   !   3       org.eclipse.swt.widgets.Synchronizer::runAsyncMessages (100 bytes)
Event: 5.955 Thread 0x00007f9cc4844000 nmethod 348 0x00000001041080d0 code [0x00000001041082c0, 0x0000000104108d18]
Event: 5.955 Thread 0x00007f9cc4844000  349   !   3       org.eclipse.swt.widgets.Synchronizer::removeFirst (90 bytes)
Event: 5.956 Thread 0x00007f9cc4844000 nmethod 349 0x0000000104103510 code [0x00000001041036a0, 0x0000000104103d08]

GC Heap History (0 events):
No events

Deoptimization events (0 events):
No events

Internal exceptions (10 events):
Event: 0.686 Thread 0x00007f9cc3803000 Exception <a 'java/security/PrivilegedActionException'> (0x000000076b4cc0c8) thrown at [/HUDSON3/workspace/8-2-build-macosx-x86_64/jdk8u25/1514/hotspot/src/share/vm/prims/jvm.cpp, line 1312]
Event: 0.714 Thread 0x00007f9cc3803000 Exception <a 'java/security/PrivilegedActionException'> (0x000000076b4d3630) thrown at [/HUDSON3/workspace/8-2-build-macosx-x86_64/jdk8u25/1514/hotspot/src/share/vm/prims/jvm.cpp, line 1312]
Event: 0.792 Thread 0x00007f9cc3803000 Exception <a 'java/security/PrivilegedActionException'> (0x000000076b4e3838) thrown at [/HUDSON3/workspace/8-2-build-macosx-x86_64/jdk8u25/1514/hotspot/src/share/vm/prims/jvm.cpp, line 1312]
Event: 1.327 Thread 0x00007f9cc3803000 Exception <a 'java/security/PrivilegedActionException'> (0x000000076b4ffa58) thrown at [/HUDSON3/workspace/8-2-build-macosx-x86_64/jdk8u25/1514/hotspot/src/share/vm/prims/jvm.cpp, line 1312]
Event: 1.836 Thread 0x00007f9cc3803000 Exception <a 'java/security/PrivilegedActionException'> (0x000000076b5248c8) thrown at [/HUDSON3/workspace/8-2-build-macosx-x86_64/jdk8u25/1514/hotspot/src/share/vm/prims/jvm.cpp, line 1312]
Event: 1.839 Thread 0x00007f9cc3803000 Exception <a 'java/security/PrivilegedActionException'> (0x000000076b52c180) thrown at [/HUDSON3/workspace/8-2-build-macosx-x86_64/jdk8u25/1514/hotspot/src/share/vm/prims/jvm.cpp, line 1312]
Event: 2.671 Thread 0x00007f9cc3803000 Exception <a 'java/security/PrivilegedActionException'> (0x000000076b5679c0) thrown at [/HUDSON3/workspace/8-2-build-macosx-x86_64/jdk8u25/1514/hotspot/src/share/vm/prims/jvm.cpp, line 1312]
Event: 2.751 Thread 0x00007f9cc3803000 Exception <a 'java/security/PrivilegedActionException'> (0x000000076b56db80) thrown at [/HUDSON3/workspace/8-2-build-macosx-x86_64/jdk8u25/1514/hotspot/src/share/vm/prims/jvm.cpp, line 1312]
Event: 2.751 Thread 0x00007f9cc3803000 Exception <a 'java/security/PrivilegedActionException'> (0x000000076b573870) thrown at [/HUDSON3/workspace/8-2-build-macosx-x86_64/jdk8u25/1514/hotspot/src/share/vm/prims/jvm.cpp, line 1312]
Event: 2.751 Thread 0x00007f9cc3803000 Exception <a 'java/security/PrivilegedActionException'> (0x000000076b578c88) thrown at [/HUDSON3/workspace/8-2-build-macosx-x86_64/jdk8u25/1514/hotspot/src/share/vm/prims/jvm.cpp, line 1312]

Events (10 events):
Event: 10.327 loading class java/util/IdentityHashMap$KeySet
Event: 10.327 loading class java/util/IdentityHashMap$KeySet done
Event: 10.327 loading class java/util/IdentityHashMap$KeyIterator
Event: 10.327 loading class java/util/IdentityHashMap$IdentityHashMapIterator
Event: 10.327 loading class java/util/IdentityHashMap$IdentityHashMapIterator done
Event: 10.327 loading class java/util/IdentityHashMap$KeyIterator done
Event: 10.328 Thread 0x00007f9cc3232000 Thread added: 0x00007f9cc3232000
Event: 10.328 Thread 0x00007f9cc3232000 Thread exited: 0x00007f9cc3232000
Event: 10.328 Thread 0x00007f9cc383a800 Thread exited: 0x00007f9cc383a800
Event: 10.329 Executing VM operation: Exit


Dynamic libraries:
0x0000000006485000 	/System/Library/Frameworks/Cocoa.framework/Versions/A/Cocoa
0x0000000006485000 	/System/Library/Frameworks/Security.framework/Versions/A/Security
0x0000000006485000 	/System/Library/Frameworks/ApplicationServices.framework/Versions/A/ApplicationServices
0x0000000006485000 	/usr/lib/libz.1.dylib
0x0000000006485000 	/usr/lib/libSystem.B.dylib
0x0000000006485000 	/usr/lib/libobjc.A.dylib
0x0000000006485000 	/System/Library/Frameworks/CoreFoundation.framework/Versions/A/CoreFoundation
0x0000000006485000 	/System/Library/Frameworks/Foundation.framework/Versions/C/Foundation
0x0000000006485000 	/System/Library/Frameworks/AppKit.framework/Versions/C/AppKit
0x0000000006485000 	/System/Library/Frameworks/CoreData.framework/Versions/A/CoreData
0x0000000006485000 	/System/Library/PrivateFrameworks/RemoteViewServices.framework/Versions/A/RemoteViewServices
0x0000000006485000 	/System/Library/PrivateFrameworks/UIFoundation.framework/Versions/A/UIFoundation
0x0000000006485000 	/usr/lib/libScreenReader.dylib
0x0000000006485000 	/System/Library/Frameworks/Accelerate.framework/Versions/A/Accelerate
0x0000000006485000 	/System/Library/Frameworks/IOSurface.framework/Versions/A/IOSurface
0x0000000006485000 	/System/Library/Frameworks/AudioToolbox.framework/Versions/A/AudioToolbox
0x0000000006485000 	/System/Library/Frameworks/AudioUnit.framework/Versions/A/AudioUnit
0x0000000006485000 	/System/Library/PrivateFrameworks/DataDetectorsCore.framework/Versions/A/DataDetectorsCore
0x0000000006485000 	/System/Library/PrivateFrameworks/DesktopServicesPriv.framework/Versions/A/DesktopServicesPriv
0x0000000006485000 	/System/Library/Frameworks/Carbon.framework/Versions/A/Frameworks/HIToolbox.framework/Versions/A/HIToolbox
0x0000000006485000 	/System/Library/Frameworks/QuartzCore.framework/Versions/A/QuartzCore
0x0000000006485000 	/System/Library/Frameworks/Carbon.framework/Versions/A/Frameworks/SpeechRecognition.framework/Versions/A/SpeechRecognition
0x0000000006485000 	/usr/lib/libauto.dylib
0x0000000006485000 	/usr/lib/libicucore.A.dylib
0x0000000006485000 	/usr/lib/libxml2.2.dylib
0x0000000006485000 	/System/Library/PrivateFrameworks/CoreUI.framework/Versions/A/CoreUI
0x0000000006485000 	/System/Library/Frameworks/CoreAudio.framework/Versions/A/CoreAudio
0x0000000006485000 	/System/Library/Frameworks/DiskArbitration.framework/Versions/A/DiskArbitration
0x0000000006485000 	/usr/lib/liblangid.dylib
0x0000000006485000 	/System/Library/PrivateFrameworks/MultitouchSupport.framework/Versions/A/MultitouchSupport
0x0000000006485000 	/System/Library/Frameworks/IOKit.framework/Versions/A/IOKit
0x0000000006485000 	/usr/lib/libDiagnosticMessagesClient.dylib
0x0000000006485000 	/System/Library/Frameworks/CoreServices.framework/Versions/A/CoreServices
0x0000000006485000 	/System/Library/PrivateFrameworks/PerformanceAnalysis.framework/Versions/A/PerformanceAnalysis
0x0000000006485000 	/System/Library/PrivateFrameworks/GenerationalStorage.framework/Versions/A/GenerationalStorage
0x0000000006485000 	/System/Library/Frameworks/OpenGL.framework/Versions/A/OpenGL
0x0000000006485000 	/System/Library/PrivateFrameworks/Sharing.framework/Versions/A/Sharing
0x0000000006485000 	/System/Library/Frameworks/CoreGraphics.framework/Versions/A/CoreGraphics
0x0000000006485000 	/System/Library/Frameworks/CoreImage.framework/Versions/A/CoreImage
0x0000000006485000 	/System/Library/Frameworks/CoreText.framework/Versions/A/CoreText
0x0000000006485000 	/System/Library/Frameworks/ImageIO.framework/Versions/A/ImageIO
0x0000000006485000 	/System/Library/PrivateFrameworks/Backup.framework/Versions/A/Backup
0x0000000006485000 	/usr/lib/libextension.dylib
0x0000000006485000 	/usr/lib/libarchive.2.dylib
0x0000000006485000 	/System/Library/Frameworks/CFNetwork.framework/Versions/A/CFNetwork
0x0000000006485000 	/System/Library/Frameworks/SystemConfiguration.framework/Versions/A/SystemConfiguration
0x0000000006485000 	/usr/lib/libCRFSuite.dylib
0x0000000006485000 	/usr/lib/libc++.1.dylib
0x0000000006485000 	/usr/lib/libc++abi.dylib
0x0000000006485000 	/usr/lib/system/libcache.dylib
0x0000000006485000 	/usr/lib/system/libcommonCrypto.dylib
0x0000000006485000 	/usr/lib/system/libcompiler_rt.dylib
0x0000000006485000 	/usr/lib/system/libcopyfile.dylib
0x0000000006485000 	/usr/lib/system/libcorecrypto.dylib
0x0000000006485000 	/usr/lib/system/libdispatch.dylib
0x0000000006485000 	/usr/lib/system/libdyld.dylib
0x0000000006485000 	/usr/lib/system/libkeymgr.dylib
0x0000000006485000 	/usr/lib/system/liblaunch.dylib
0x0000000006485000 	/usr/lib/system/libmacho.dylib
0x0000000006485000 	/usr/lib/system/libquarantine.dylib
0x0000000006485000 	/usr/lib/system/libremovefile.dylib
0x0000000006485000 	/usr/lib/system/libsystem_asl.dylib
0x0000000006485000 	/usr/lib/system/libsystem_blocks.dylib
0x0000000006485000 	/usr/lib/system/libsystem_c.dylib
0x0000000006485000 	/usr/lib/system/libsystem_configuration.dylib
0x0000000006485000 	/usr/lib/system/libsystem_coreservices.dylib
0x0000000006485000 	/usr/lib/system/libsystem_coretls.dylib
0x0000000006485000 	/usr/lib/system/libsystem_dnssd.dylib
0x0000000006485000 	/usr/lib/system/libsystem_info.dylib
0x0000000006485000 	/usr/lib/system/libsystem_kernel.dylib
0x0000000006485000 	/usr/lib/system/libsystem_m.dylib
0x0000000006485000 	/usr/lib/system/libsystem_malloc.dylib
0x0000000006485000 	/usr/lib/system/libsystem_network.dylib
0x0000000006485000 	/usr/lib/system/libsystem_networkextension.dylib
0x0000000006485000 	/usr/lib/system/libsystem_notify.dylib
0x0000000006485000 	/usr/lib/system/libsystem_platform.dylib
0x0000000006485000 	/usr/lib/system/libsystem_pthread.dylib
0x0000000006485000 	/usr/lib/system/libsystem_sandbox.dylib
0x0000000006485000 	/usr/lib/system/libsystem_secinit.dylib
0x0000000006485000 	/usr/lib/system/libsystem_trace.dylib
0x0000000006485000 	/usr/lib/system/libunc.dylib
0x0000000006485000 	/usr/lib/system/libunwind.dylib
0x0000000006485000 	/usr/lib/system/libxpc.dylib
0x0000000006485000 	/usr/lib/libenergytrace.dylib
0x0000000006485000 	/usr/lib/libbsm.0.dylib
0x0000000006485000 	/usr/lib/system/libkxld.dylib
0x0000000006485000 	/usr/lib/libxar.1.dylib
0x0000000006485000 	/usr/lib/libsqlite3.dylib
0x0000000006485000 	/usr/lib/libpam.2.dylib
0x0000000006485000 	/usr/lib/libOpenScriptingUtil.dylib
0x0000000006485000 	/usr/lib/libbz2.1.0.dylib
0x0000000006485000 	/usr/lib/liblzma.5.dylib
0x0000000006485000 	/System/Library/Frameworks/CoreServices.framework/Versions/A/Frameworks/FSEvents.framework/Versions/A/FSEvents
0x0000000006485000 	/System/Library/Frameworks/CoreServices.framework/Versions/A/Frameworks/CarbonCore.framework/Versions/A/CarbonCore
0x0000000006485000 	/System/Library/Frameworks/CoreServices.framework/Versions/A/Frameworks/Metadata.framework/Versions/A/Metadata
0x0000000006485000 	/System/Library/Frameworks/CoreServices.framework/Versions/A/Frameworks/OSServices.framework/Versions/A/OSServices
0x0000000006485000 	/System/Library/Frameworks/CoreServices.framework/Versions/A/Frameworks/SearchKit.framework/Versions/A/SearchKit
0x0000000006485000 	/System/Library/Frameworks/CoreServices.framework/Versions/A/Frameworks/AE.framework/Versions/A/AE
0x0000000006485000 	/System/Library/Frameworks/CoreServices.framework/Versions/A/Frameworks/LaunchServices.framework/Versions/A/LaunchServices
0x0000000006485000 	/System/Library/Frameworks/CoreServices.framework/Versions/A/Frameworks/DictionaryServices.framework/Versions/A/DictionaryServices
0x0000000006485000 	/System/Library/Frameworks/CoreServices.framework/Versions/A/Frameworks/SharedFileList.framework/Versions/A/SharedFileList
0x0000000006485000 	/System/Library/Frameworks/NetFS.framework/Versions/A/NetFS
0x0000000006485000 	/System/Library/PrivateFrameworks/NetAuth.framework/Versions/A/NetAuth
0x0000000006485000 	/System/Library/PrivateFrameworks/login.framework/Versions/A/Frameworks/loginsupport.framework/Versions/A/loginsupport
0x0000000006485000 	/System/Library/PrivateFrameworks/TCC.framework/Versions/A/TCC
0x0000000006485000 	/usr/lib/libmecabra.dylib
0x0000000006485000 	/System/Library/Frameworks/ApplicationServices.framework/Versions/A/Frameworks/ATS.framework/Versions/A/ATS
0x0000000006485000 	/System/Library/Frameworks/ApplicationServices.framework/Versions/A/Frameworks/ColorSync.framework/Versions/A/ColorSync
0x0000000006485000 	/System/Library/Frameworks/ApplicationServices.framework/Versions/A/Frameworks/HIServices.framework/Versions/A/HIServices
0x0000000006485000 	/System/Library/Frameworks/ApplicationServices.framework/Versions/A/Frameworks/LangAnalysis.framework/Versions/A/LangAnalysis
0x0000000006485000 	/System/Library/Frameworks/ApplicationServices.framework/Versions/A/Frameworks/PrintCore.framework/Versions/A/PrintCore
0x0000000006485000 	/System/Library/Frameworks/ApplicationServices.framework/Versions/A/Frameworks/QD.framework/Versions/A/QD
0x0000000006485000 	/System/Library/Frameworks/ApplicationServices.framework/Versions/A/Frameworks/SpeechSynthesis.framework/Versions/A/SpeechSynthesis
0x0000000006485000 	/System/Library/Frameworks/Metal.framework/Versions/A/Metal
0x0000000006485000 	/System/Library/Frameworks/Accelerate.framework/Versions/A/Frameworks/vImage.framework/Versions/A/vImage
0x0000000006485000 	/System/Library/Frameworks/Accelerate.framework/Versions/A/Frameworks/vecLib.framework/Versions/A/vecLib
0x0000000006485000 	/System/Library/Frameworks/Accelerate.framework/Versions/A/Frameworks/vecLib.framework/Versions/A/libvDSP.dylib
0x0000000006485000 	/System/Library/Frameworks/Accelerate.framework/Versions/A/Frameworks/vecLib.framework/Versions/A/libvMisc.dylib
0x0000000006485000 	/System/Library/Frameworks/Accelerate.framework/Versions/A/Frameworks/vecLib.framework/Versions/A/libLAPACK.dylib
0x0000000006485000 	/System/Library/Frameworks/Accelerate.framework/Versions/A/Frameworks/vecLib.framework/Versions/A/libBLAS.dylib
0x0000000006485000 	/System/Library/Frameworks/Accelerate.framework/Versions/A/Frameworks/vecLib.framework/Versions/A/libLinearAlgebra.dylib
0x0000000006485000 	/System/Library/Frameworks/Accelerate.framework/Versions/A/Frameworks/vecLib.framework/Versions/A/libSparseBLAS.dylib
0x0000000006485000 	/System/Library/PrivateFrameworks/GPUCompiler.framework/libmetal_timestamp.dylib
0x0000000006485000 	/System/Library/Frameworks/OpenGL.framework/Versions/A/Libraries/libCoreFSCache.dylib
0x0000000006485000 	/System/Library/PrivateFrameworks/IOAccelerator.framework/Versions/A/IOAccelerator
0x0000000006485000 	/System/Library/Frameworks/ApplicationServices.framework/Versions/A/Frameworks/ATS.framework/Versions/A/Resources/libFontParser.dylib
0x0000000006485000 	/System/Library/Frameworks/ApplicationServices.framework/Versions/A/Frameworks/ATS.framework/Versions/A/Resources/libFontRegistry.dylib
0x0000000006485000 	/System/Library/PrivateFrameworks/AppleVPA.framework/Versions/A/AppleVPA
0x0000000006485000 	/System/Library/PrivateFrameworks/AppleJPEG.framework/Versions/A/AppleJPEG
0x0000000006485000 	/System/Library/Frameworks/ImageIO.framework/Versions/A/Resources/libJPEG.dylib
0x0000000006485000 	/System/Library/Frameworks/ImageIO.framework/Versions/A/Resources/libTIFF.dylib
0x0000000006485000 	/System/Library/Frameworks/ImageIO.framework/Versions/A/Resources/libPng.dylib
0x0000000006485000 	/System/Library/Frameworks/ImageIO.framework/Versions/A/Resources/libGIF.dylib
0x0000000006485000 	/System/Library/Frameworks/ImageIO.framework/Versions/A/Resources/libJP2.dylib
0x0000000006485000 	/System/Library/Frameworks/ImageIO.framework/Versions/A/Resources/libRadiance.dylib
0x0000000006485000 	/System/Library/Frameworks/CoreVideo.framework/Versions/A/CoreVideo
0x0000000006485000 	/System/Library/Frameworks/OpenGL.framework/Versions/A/Libraries/libGLU.dylib
0x0000000006485000 	/System/Library/Frameworks/OpenGL.framework/Versions/A/Libraries/libGFXShared.dylib
0x0000000006485000 	/System/Library/Frameworks/OpenGL.framework/Versions/A/Libraries/libGL.dylib
0x0000000006485000 	/System/Library/Frameworks/OpenGL.framework/Versions/A/Libraries/libGLImage.dylib
0x0000000006485000 	/System/Library/Frameworks/OpenGL.framework/Versions/A/Libraries/libCVMSPluginSupport.dylib
0x0000000006485000 	/System/Library/Frameworks/OpenGL.framework/Versions/A/Libraries/libCoreVMClient.dylib
0x0000000006485000 	/usr/lib/libcups.2.dylib
0x0000000006485000 	/System/Library/Frameworks/Kerberos.framework/Versions/A/Kerberos
0x0000000006485000 	/System/Library/Frameworks/GSS.framework/Versions/A/GSS
0x0000000006485000 	/usr/lib/libresolv.9.dylib
0x0000000006485000 	/usr/lib/libiconv.2.dylib
0x0000000006485000 	/System/Library/PrivateFrameworks/Heimdal.framework/Versions/A/Heimdal
0x0000000006485000 	/usr/lib/libheimdal-asn1.dylib
0x0000000006485000 	/System/Library/Frameworks/OpenDirectory.framework/Versions/A/OpenDirectory
0x0000000006485000 	/System/Library/PrivateFrameworks/CommonAuth.framework/Versions/A/CommonAuth
0x0000000006485000 	/System/Library/Frameworks/OpenDirectory.framework/Versions/A/Frameworks/CFOpenDirectory.framework/Versions/A/CFOpenDirectory
0x0000000006485000 	/System/Library/Frameworks/SecurityFoundation.framework/Versions/A/SecurityFoundation
0x0000000006485000 	/System/Library/PrivateFrameworks/LanguageModeling.framework/Versions/A/LanguageModeling
0x0000000006485000 	/usr/lib/libmarisa.dylib
0x0000000006485000 	/usr/lib/libChineseTokenizer.dylib
0x0000000006485000 	/usr/lib/libcmph.dylib
0x0000000006485000 	/usr/lib/libcompression.dylib
0x0000000006485000 	/System/Library/Frameworks/ServiceManagement.framework/Versions/A/ServiceManagement
0x0000000006485000 	/usr/lib/libxslt.1.dylib
0x0000000006485000 	/System/Library/Frameworks/Carbon.framework/Versions/A/Frameworks/Ink.framework/Versions/A/Ink
0x0000000006485000 	/usr/lib/libFosl_dynamic.dylib
0x0000000006485000 	/System/Library/PrivateFrameworks/FaceCore.framework/Versions/A/FaceCore
0x0000000006485000 	/System/Library/Frameworks/OpenCL.framework/Versions/A/OpenCL
0x0000000006485000 	/System/Library/PrivateFrameworks/CrashReporterSupport.framework/Versions/A/CrashReporterSupport
0x0000000006485000 	/System/Library/PrivateFrameworks/IconServices.framework/Versions/A/IconServices
0x0000000006485000 	/System/Library/PrivateFrameworks/Apple80211.framework/Versions/A/Apple80211
0x0000000006485000 	/System/Library/Frameworks/CoreWLAN.framework/Versions/A/CoreWLAN
0x0000000006485000 	/System/Library/Frameworks/IOBluetooth.framework/Versions/A/IOBluetooth
0x0000000006485000 	/System/Library/PrivateFrameworks/CoreWiFi.framework/Versions/A/CoreWiFi
0x0000000006485000 	/System/Library/Frameworks/CoreBluetooth.framework/Versions/A/CoreBluetooth
0x0000000006485000 	/System/Library/PrivateFrameworks/ChunkingLibrary.framework/Versions/A/ChunkingLibrary
0x0000000006485000 	/System/Library/PrivateFrameworks/DebugSymbols.framework/Versions/A/DebugSymbols
0x0000000006485000 	/System/Library/PrivateFrameworks/CoreSymbolication.framework/Versions/A/CoreSymbolication
0x0000000006485000 	/System/Library/PrivateFrameworks/Symbolication.framework/Versions/A/Symbolication
0x0000000006485000 	/System/Library/PrivateFrameworks/SpeechRecognitionCore.framework/Versions/A/SpeechRecognitionCore
0x0000000103000000 	/Library/Java/JavaVirtualMachines/jdk1.8.0_25.jdk/Contents/Home/jre/lib/server/libjvm.dylib
0x0000000006485000 	/usr/lib/libstdc++.6.dylib
0x00000001027a4000 	/Library/Java/JavaVirtualMachines/jdk1.8.0_25.jdk/Contents/Home/jre/lib/libverify.dylib
0x00000001027b2000 	/Library/Java/JavaVirtualMachines/jdk1.8.0_25.jdk/Contents/Home/jre/lib/libjava.dylib
0x00000001027ef000 	/Library/Java/JavaVirtualMachines/jdk1.8.0_25.jdk/Contents/Home/jre/lib/libzip.dylib
0x000000011e34e000 	/System/Library/Frameworks/JavaVM.framework/Frameworks/JavaRuntimeSupport.framework/JavaRuntimeSupport
0x000000011e369000 	/System/Library/Frameworks/JavaVM.framework/Versions/A/Frameworks/JavaNativeFoundation.framework/Versions/A/JavaNativeFoundation
0x000000011e37e000 	/System/Library/Frameworks/JavaVM.framework/Versions/A/JavaVM
0x0000000006485000 	/System/Library/Frameworks/Carbon.framework/Versions/A/Carbon
0x000000011e38b000 	/System/Library/PrivateFrameworks/JavaLaunching.framework/Versions/A/JavaLaunching
0x0000000006485000 	/System/Library/Frameworks/Carbon.framework/Versions/A/Frameworks/CommonPanels.framework/Versions/A/CommonPanels
0x0000000006485000 	/System/Library/Frameworks/Carbon.framework/Versions/A/Frameworks/Help.framework/Versions/A/Help
0x0000000006485000 	/System/Library/Frameworks/Carbon.framework/Versions/A/Frameworks/ImageCapture.framework/Versions/A/ImageCapture
0x0000000006485000 	/System/Library/Frameworks/Carbon.framework/Versions/A/Frameworks/OpenScripting.framework/Versions/A/OpenScripting
0x0000000006485000 	/System/Library/Frameworks/Carbon.framework/Versions/A/Frameworks/Print.framework/Versions/A/Print
0x0000000006485000 	/System/Library/Frameworks/Carbon.framework/Versions/A/Frameworks/SecurityHI.framework/Versions/A/SecurityHI
0x000000011fd76000 	/Users/tzwickl/.swt/lib/macosx/x86_64/libswt-cocoa-4332.jnilib
0x0000000006485000 	/System/Library/Frameworks/WebKit.framework/Versions/A/WebKit
0x0000000006485000 	/System/Library/Frameworks/JavaScriptCore.framework/Versions/A/JavaScriptCore
0x0000000006485000 	/System/Library/Frameworks/SecurityInterface.framework/Versions/A/SecurityInterface
0x0000000006485000 	/System/Library/Frameworks/WebKit.framework/Versions/A/Frameworks/WebKitLegacy.framework/Versions/A/WebKitLegacy
0x0000000006485000 	/System/Library/Frameworks/WebKit.framework/Versions/A/Frameworks/WebCore.framework/Versions/A/WebCore
0x000000011fe42000 	/Users/tzwickl/.swt/lib/macosx/x86_64/libswt-pi-cocoa-4332.jnilib
0x0000000006485000 	/System/Library/PrivateFrameworks/CoreServicesInternal.framework/Versions/A/CoreServicesInternal
0x0000000006485000 	/System/Library/Frameworks/CoreGraphics.framework/Versions/A/Resources/libCGXType.A.dylib
0x0000000006485000 	/System/Library/Frameworks/Accelerate.framework/Versions/A/Frameworks/vImage.framework/Versions/A/Libraries/libCGInterfaces.dylib
0x0000000006485000 	/System/Library/Frameworks/CoreGraphics.framework/Versions/A/Resources/libRIP.A.dylib
0x0000000006485000 	/System/Library/Frameworks/OpenCL.framework/Versions/A/Libraries/libcldcpuengine.dylib
0x0000000006485000 	/System/Library/PrivateFrameworks/DiskImages.framework/Versions/A/DiskImages
0x0000000006485000 	/System/Library/Frameworks/DiscRecording.framework/Versions/A/DiscRecording
0x0000000006485000 	/usr/lib/libcsfde.dylib
0x0000000006485000 	/usr/lib/libcurl.4.dylib
0x0000000006485000 	/System/Library/PrivateFrameworks/MediaKit.framework/Versions/A/MediaKit
0x0000000006485000 	/System/Library/PrivateFrameworks/ProtectedCloudStorage.framework/Versions/A/ProtectedCloudStorage
0x0000000006485000 	/usr/lib/libCoreStorage.dylib
0x0000000006485000 	/System/Library/PrivateFrameworks/EFILogin.framework/Versions/A/EFILogin
0x0000000006485000 	/usr/lib/libutil.dylib
0x0000000006485000 	/System/Library/PrivateFrameworks/FindMyDevice.framework/Versions/A/FindMyDevice
0x0000000006485000 	/System/Library/Frameworks/LDAP.framework/Versions/A/LDAP
0x0000000006485000 	/usr/lib/libsasl2.2.dylib
0x0000000006485000 	/System/Library/PrivateFrameworks/CoreDaemon.framework/Versions/B/CoreDaemon
0x0000000006485000 	/usr/lib/libcrypto.0.9.8.dylib
0x0000000006485000 	/System/Library/PrivateFrameworks/AppleSRP.framework/Versions/A/AppleSRP
0x0000000006485000 	/System/Library/PrivateFrameworks/TrustEvaluationAgent.framework/Versions/A/TrustEvaluationAgent
0x0000000121939000 	cl_kernels
0x0000000006485000 	/System/Library/Frameworks/OpenCL.framework/Versions/A/Libraries/ImageFormats/unorm8_bgra.dylib
0x0000000006485000 	/System/Library/Frameworks/OpenCL.framework/Versions/A/Libraries/ImageFormats/unorm8_rgba.dylib
0x0000000006485000 	/System/Library/PrivateFrameworks/FamilyControls.framework/Versions/A/FamilyControls
0x0000000006485000 	/System/Library/PrivateFrameworks/CommerceKit.framework/Versions/A/Frameworks/CommerceCore.framework/Versions/A/CommerceCore
0x0000000006485000 	/System/Library/PrivateFrameworks/SystemAdministration.framework/Versions/A/SystemAdministration
0x0000000006485000 	/System/Library/PrivateFrameworks/AppContainer.framework/Versions/A/AppContainer
0x0000000006485000 	/System/Library/PrivateFrameworks/SecCodeWrapper.framework/Versions/A/SecCodeWrapper
0x0000000006485000 	/System/Library/Frameworks/DirectoryService.framework/Versions/A/DirectoryService
0x0000000006485000 	/System/Library/PrivateFrameworks/LoginUIKit.framework/Versions/A/Frameworks/LoginUICore.framework/Versions/A/LoginUICore
0x0000000006485000 	/usr/lib/libodfde.dylib
0x0000000006485000 	/System/Library/PrivateFrameworks/FinderKit.framework/Versions/A/FinderKit
0x0000000006485000 	/System/Library/Frameworks/Quartz.framework/Versions/A/Frameworks/QuickLookUI.framework/Versions/A/QuickLookUI
0x0000000006485000 	/System/Library/Frameworks/Quartz.framework/Versions/A/Frameworks/ImageKit.framework/Versions/A/ImageKit
0x0000000006485000 	/System/Library/PrivateFrameworks/Bom.framework/Versions/A/Bom
0x0000000006485000 	/System/Library/Frameworks/QuickLook.framework/Versions/A/QuickLook
0x0000000006485000 	/System/Library/PrivateFrameworks/Suggestions.framework/Versions/A/Suggestions
0x0000000006485000 	/System/Library/PrivateFrameworks/AppleSystemInfo.framework/Versions/A/AppleSystemInfo
0x0000000006485000 	/System/Library/Frameworks/ImageCaptureCore.framework/Versions/A/ImageCaptureCore
0x0000000006485000 	/System/Library/PrivateFrameworks/SafariServices.framework/Versions/A/SafariServices
0x0000000006485000 	/usr/lib/libspindump.dylib
0x0000000006485000 	/System/Library/Frameworks/QTKit.framework/Versions/A/QTKit
0x0000000006485000 	/System/Library/Frameworks/AVFoundation.framework/Versions/A/AVFoundation
0x0000000006485000 	/System/Library/Frameworks/CoreMedia.framework/Versions/A/CoreMedia
0x0000000006485000 	/System/Library/Frameworks/MediaToolbox.framework/Versions/A/MediaToolbox
0x0000000006485000 	/System/Library/Frameworks/VideoToolbox.framework/Versions/A/VideoToolbox
0x0000000006485000 	/System/Library/PrivateFrameworks/CoreMediaAuthoring.framework/Versions/A/CoreMediaAuthoring
0x0000000006485000 	/System/Library/Frameworks/CoreMediaIO.framework/Versions/A/CoreMediaIO
0x0000000006485000 	/System/Library/Frameworks/AVFoundation.framework/Versions/A/Resources/libAVFAudio.dylib
0x0000000006485000 	/System/Library/PrivateFrameworks/CoreAVCHD.framework/Versions/A/CoreAVCHD
0x0000000006485000 	/System/Library/Frameworks/MediaAccessibility.framework/Versions/A/MediaAccessibility
0x0000000006485000 	/System/Library/PrivateFrameworks/Mangrove.framework/Versions/A/Mangrove
0x0000000006485000 	/System/Library/PrivateFrameworks/CoreAUC.framework/Versions/A/CoreAUC
0x0000000006485000 	/System/Library/PrivateFrameworks/AppleVA.framework/Versions/A/AppleVA
0x0000000006485000 	/System/Library/PrivateFrameworks/XPCService.framework/Versions/A/XPCService
0x0000000006485000 	/System/Library/PrivateFrameworks/AppSandbox.framework/Versions/A/AppSandbox
0x0000000006485000 	/usr/lib/libsandbox.1.dylib
0x0000000006485000 	/usr/lib/libMatch.1.dylib
0x0000000006485000 	/System/Library/PrivateFrameworks/DisplayServices.framework/Versions/A/DisplayServices
0x0000000006485000 	/System/Library/Frameworks/Quartz.framework/Versions/A/Frameworks/PDFKit.framework/Versions/A/PDFKit
0x0000000006485000 	/System/Library/Frameworks/Quartz.framework/Versions/A/Frameworks/QuartzComposer.framework/Versions/A/QuartzComposer
0x0000000006485000 	/System/Library/Frameworks/Quartz.framework/Versions/A/Frameworks/QuartzFilters.framework/Versions/A/QuartzFilters
0x0000000006485000 	/System/Library/PrivateFrameworks/CorePDF.framework/Versions/A/CorePDF
0x0000000006485000 	/System/Library/PrivateFrameworks/AppleFSCompression.framework/Versions/A/AppleFSCompression
0x0000000006485000 	/System/Library/Frameworks/AddressBook.framework/Versions/A/AddressBook
0x0000000006485000 	/System/Library/PrivateFrameworks/ContactsPersistence.framework/Versions/A/ContactsPersistence
0x0000000006485000 	/System/Library/PrivateFrameworks/ContactsFoundation.framework/Versions/A/ContactsFoundation
0x0000000006485000 	/System/Library/PrivateFrameworks/vCard.framework/Versions/A/vCard
0x0000000006485000 	/System/Library/PrivateFrameworks/IntlPreferences.framework/Versions/A/IntlPreferences
0x0000000006485000 	/System/Library/PrivateFrameworks/ToneLibrary.framework/Versions/A/ToneLibrary
0x0000000006485000 	/System/Library/PrivateFrameworks/ToneKit.framework/Versions/A/ToneKit
0x0000000006485000 	/System/Library/PrivateFrameworks/ApplePushService.framework/Versions/A/ApplePushService
0x0000000006485000 	/System/Library/PrivateFrameworks/PhoneNumbers.framework/Versions/A/PhoneNumbers
0x0000000006485000 	/System/Library/PrivateFrameworks/ViewBridge.framework/Versions/A/ViewBridge
0x0000000006485000 	/System/Library/Frameworks/Quartz.framework/Versions/A/Quartz
0x0000000006485000 	/System/Library/PrivateFrameworks/CloudDocs.framework/Versions/A/CloudDocs
0x0000000006485000 	/System/Library/PrivateFrameworks/CoreDuet.framework/Versions/A/CoreDuet
0x0000000006485000 	/System/Library/Frameworks/CloudKit.framework/Versions/A/CloudKit
0x0000000006485000 	/System/Library/PrivateFrameworks/ProtocolBuffer.framework/Versions/A/ProtocolBuffer
0x0000000006485000 	/System/Library/PrivateFrameworks/CoreDuetDaemonProtocol.framework/Versions/A/CoreDuetDaemonProtocol
0x0000000006485000 	/System/Library/PrivateFrameworks/CoreDuetDebugLogging.framework/Versions/A/CoreDuetDebugLogging
0x0000000006485000 	/System/Library/PrivateFrameworks/MMCS.framework/Versions/A/MMCS
0x0000000006485000 	/System/Library/Frameworks/CoreLocation.framework/Versions/A/CoreLocation
0x0000000006485000 	/System/Library/PrivateFrameworks/AssetCacheServices.framework/Versions/A/AssetCacheServices
0x0000000006485000 	/System/Library/PrivateFrameworks/GeoServices.framework/Versions/A/GeoServices
0x0000000006485000 	/System/Library/PrivateFrameworks/PlugInKit.framework/Versions/A/PlugInKit
0x0000000006485000 	/System/Library/CoreServices/RawCamera.bundle/Contents/MacOS/RawCamera
0x0000000006485000 	/System/Library/PrivateFrameworks/CacheDelete.framework/Versions/A/CacheDelete
0x0000000123332000 	/System/Library/Extensions/AppleIntelHD5000GraphicsMTLDriver.bundle/Contents/MacOS/AppleIntelHD5000GraphicsMTLDriver
0x0000000006485000 	/System/Library/Frameworks/OpenGL.framework/Versions/A/Resources/GLEngine.bundle/GLEngine
0x0000000006485000 	/System/Library/Frameworks/OpenGL.framework/Versions/A/Libraries/libGLProgrammability.dylib
0x0000000123c03000 	/System/Library/Extensions/AppleIntelHD5000GraphicsGLDriver.bundle/Contents/MacOS/AppleIntelHD5000GraphicsGLDriver
0x0000000006485000 	/System/Library/PrivateFrameworks/GPUSupport.framework/Versions/A/Libraries/libGPUSupportMercury.dylib
0x0000000006485000 	/System/Library/Frameworks/OpenGL.framework/Versions/A/Resources/GLRendererFloat.bundle/GLRendererFloat
0x000000012484b000 	/System/Library/Frameworks/Security.framework/PlugIns/csparser.bundle/Contents/MacOS/csparser

VM Arguments:
jvm_args: -Dfile.encoding=UTF-8 -Duser.country=US -Duser.language=en -Duser.variant 
java_command: smt_visualizer.app.SMTVisualizer -h
java_class_path (initial): /Users/tzwickl/Documents/Fortiss/BachelorThesis/SpecJNextWorkspace/smt_visualizer/build/classes/main:/Users/tzwickl/Documents/Fortiss/BachelorThesis/SpecJNextWorkspace/smt_visualizer/build/resources/main:/Users/tzwickl/.gradle/caches/modules-2/files-2.1/org.slf4j/slf4j-simple/1.7.18/77fb286f849047a3edbb6e8f579736ef852a966d/slf4j-simple-1.7.18.jar:/Users/tzwickl/.gradle/caches/modules-2/files-2.1/commons-cli/commons-cli/1.3.1/1303efbc4b181e5a58bf2e967dc156a3132b97c0/commons-cli-1.3.1.jar:/Users/tzwickl/.gradle/caches/modules-2/files-2.1/jfree/jfreechart/1.0.13/b5fbdc552c4caec3dac4b4dcbc10d119a194946e/jfreechart-1.0.13.jar:/Users/tzwickl/.gradle/caches/modules-2/files-2.1/com.datastax.cassandra/cassandra-driver-core/3.0.0/b69adf704d14dcc0222fc4180f2c112054304bd0/cassandra-driver-core-3.0.0.jar:/Users/tzwickl/.gradle/caches/modules-2/files-2.1/org.eclipse/swt/3.3.0-v3346/d886a6db6b7195911516896feebe3a5d1dddfd46/swt-3.3.0-v3346.jar:/Users/tzwickl/.gradle/caches/modules-2/files-2.1/org.eclipse.swt/org.eclipse.swt.cocoa.macosx.x86_64/4.3/d3464862f2abd36e1aef3314276eca4c31098dae/org.eclipse.swt.cocoa.macosx.x86_64-4.3.jar:/Users/tzwickl/.gradle/caches/modules-2/files-2.1/jfree/jcommon/1.0.16/376f19a7c317509a57dfc684cdfd4081db7c082c/jcommon-1.0.16.jar:/Users/tzwickl/.gradle/caches/modules-2/files-2.1/io.netty/netty-handler/4.0.33.Final/88325df280c3ba83011cf442883f9f55dc83d5bb/netty-handler-4.0.33.Final.jar:/Users/tzwickl/.gradle/caches/modules-2/files-2.1/com.google.guava/guava/16.0.1/5fa98cd1a63c99a44dd8d3b77e4762b066a5d0c5/guava-16.0.1.jar:/Users/tzwickl/.gradle/caches/modules-2/files-2.1/io.dropwizard.metrics/metrics-core/3.1.2/224f03afd2521c6c94632f566beb1bb5ee32cf07/metrics-core-3.1.2.jar:/Users/tzwickl/.gradle/caches/modules-2/files-2.1/io.netty/netty-buffer/4.0.33.Final/dd14c35b020af7aa1c6fed7ec5e67a2aa165619e/netty-buffer-4.0.33.Final.jar:/Users/tzwickl/.gradle/caches/modules-2/files-2.1/io.netty/netty-transport/4.0.33.Final/287c2378318e
Launcher Type: SUN_STANDARD

Environment Variables:
PATH=/usr/bin:/bin:/usr/sbin:/sbin
SHELL=/bin/bash
DISPLAY=/private/tmp/com.apple.launchd.kswcEtJzCU/org.macosforge.xquartz:0

Signal Handlers:
SIGSEGV: [libjvm.dylib+0x579dc7], sa_mask[0]=11111111011111110111111111111111, sa_flags=SA_ONSTACK|SA_RESTART|SA_SIGINFO
SIGBUS: [libjvm.dylib+0x579dc7], sa_mask[0]=11111111011111110111111111111111, sa_flags=SA_RESTART|SA_SIGINFO
SIGFPE: [libjvm.dylib+0x45b030], sa_mask[0]=11111111011111110111111111111111, sa_flags=SA_RESTART|SA_SIGINFO
SIGPIPE: [libjvm.dylib+0x45b030], sa_mask[0]=11111111011111110111111111111111, sa_flags=SA_RESTART|SA_SIGINFO
SIGXFSZ: [libjvm.dylib+0x45b030], sa_mask[0]=11111111011111110111111111111111, sa_flags=SA_RESTART|SA_SIGINFO
SIGILL: [libjvm.dylib+0x45b030], sa_mask[0]=11111111011111110111111111111111, sa_flags=SA_RESTART|SA_SIGINFO
SIGUSR1: SIG_DFL, sa_mask[0]=00000000000000000000000000000000, sa_flags=none
SIGUSR2: [libjvm.dylib+0x45ab4e], sa_mask[0]=00100000000000000000000000000000, sa_flags=SA_RESTART|SA_SIGINFO
SIGHUP: [libjvm.dylib+0x459121], sa_mask[0]=11111111011111110111111111111111, sa_flags=SA_RESTART|SA_SIGINFO
SIGINT: [libjvm.dylib+0x459121], sa_mask[0]=11111111011111110111111111111111, sa_flags=SA_RESTART|SA_SIGINFO
SIGTERM: [libjvm.dylib+0x459121], sa_mask[0]=11111111011111110111111111111111, sa_flags=SA_RESTART|SA_SIGINFO
SIGQUIT: [libjvm.dylib+0x459121], sa_mask[0]=11111111011111110111111111111111, sa_flags=SA_RESTART|SA_SIGINFO


---------------  S Y S T E M  ---------------

OS:Bsduname:Darwin 15.3.0 Darwin Kernel Version 15.3.0: Thu Dec 10 18:40:58 PST 2015; root:xnu-3248.30.4~1/RELEASE_X86_64 x86_64
rlimit: STACK 8192k, CORE 0k, NPROC 709, NOFILE 10240, AS infinity
load average:2.28 2.37 2.37

CPU:total 4 (2 cores per cpu, 2 threads per core) family 6 model 69 stepping 1, cmov, cx8, fxsr, mmx, sse, sse2, sse3, ssse3, sse4.1, sse4.2, popcnt, avx, avx2, aes, clmul, erms, lzcnt, ht, tsc, tscinvbit, bmi1, bmi2

Memory: 4k page, physical 16777216k(27204k free)

/proc/meminfo:


vm_info: Java HotSpot(TM) 64-Bit Server VM (25.25-b02) for bsd-amd64 JRE (1.8.0_25-b17), built on Sep 17 2014 16:56:50 by "java_re" with gcc 4.2.1 (Based on Apple Inc. build 5658) (LLVM build 2336.11.00)

time: Wed Mar  2 17:13:54 2016
elapsed time: 10 seconds (0d 0h 0m 10s)

